This is pdfTeX, Version 3.141592653-2.6-1.40.25 (TeX Live 2023) (preloaded format=pdflatex 2023.11.7)  29 DEC 2023 12:57
entering extended mode
 restricted \write18 enabled.
 file:line:error style messages enabled.
 %&-line parsing enabled.
**"/Users/benjamingantenbein/Desktop/HCI Summary/main.tex"
(/Users/benjamingantenbein/Desktop/HCI Summary/main.tex
LaTeX2e <2022-11-01> patch level 1
L3 programming layer <2023-02-22> (/usr/local/texlive/2023/texmf-dist/tex/latex/base/article.cls
Document Class: article 2022/07/02 v1.4n Standard LaTeX document class
(/usr/local/texlive/2023/texmf-dist/tex/latex/base/size10.clo
File: size10.clo 2022/07/02 v1.4n Standard LaTeX file (size option)
)
\c@part=\count185
\c@section=\count186
\c@subsection=\count187
\c@subsubsection=\count188
\c@paragraph=\count189
\c@subparagraph=\count190
\c@figure=\count191
\c@table=\count192
\abovecaptionskip=\skip48
\belowcaptionskip=\skip49
\bibindent=\dimen140
) (/usr/local/texlive/2023/texmf-dist/tex/latex/geometry/geometry.sty
Package: geometry 2020/01/02 v5.9 Page Geometry
 (/usr/local/texlive/2023/texmf-dist/tex/latex/graphics/keyval.sty
Package: keyval 2022/05/29 v1.15 key=value parser (DPC)
\KV@toks@=\toks16
) (/usr/local/texlive/2023/texmf-dist/tex/generic/iftex/ifvtex.sty
Package: ifvtex 2019/10/25 v1.7 ifvtex legacy package. Use iftex instead.
 (/usr/local/texlive/2023/texmf-dist/tex/generic/iftex/iftex.sty
Package: iftex 2022/02/03 v1.0f TeX engine tests
))
\Gm@cnth=\count193
\Gm@cntv=\count194
\c@Gm@tempcnt=\count195
\Gm@bindingoffset=\dimen141
\Gm@wd@mp=\dimen142
\Gm@odd@mp=\dimen143
\Gm@even@mp=\dimen144
\Gm@layoutwidth=\dimen145
\Gm@layoutheight=\dimen146
\Gm@layouthoffset=\dimen147
\Gm@layoutvoffset=\dimen148
\Gm@dimlist=\toks17
) (/usr/local/texlive/2023/texmf-dist/tex/latex/tools/multicol.sty
Package: multicol 2021/11/30 v1.9d multicolumn formatting (FMi)
\c@tracingmulticols=\count196
\mult@box=\box51
\multicol@leftmargin=\dimen149
\c@unbalance=\count197
\c@collectmore=\count198
\doublecol@number=\count199
\multicoltolerance=\count266
\multicolpretolerance=\count267
\full@width=\dimen150
\page@free=\dimen151
\premulticols=\dimen152
\postmulticols=\dimen153
\multicolsep=\skip50
\multicolbaselineskip=\skip51
\partial@page=\box52
\last@line=\box53
\maxbalancingoverflow=\dimen154
\mult@rightbox=\box54
\mult@grightbox=\box55
\mult@firstbox=\box56
\mult@gfirstbox=\box57
\@tempa=\box58
\@tempa=\box59
\@tempa=\box60
\@tempa=\box61
\@tempa=\box62
\@tempa=\box63
\@tempa=\box64
\@tempa=\box65
\@tempa=\box66
\@tempa=\box67
\@tempa=\box68
\@tempa=\box69
\@tempa=\box70
\@tempa=\box71
\@tempa=\box72
\@tempa=\box73
\@tempa=\box74
\@tempa=\box75
\@tempa=\box76
\@tempa=\box77
\@tempa=\box78
\@tempa=\box79
\@tempa=\box80
\@tempa=\box81
\@tempa=\box82
\@tempa=\box83
\@tempa=\box84
\@tempa=\box85
\@tempa=\box86
\@tempa=\box87
\@tempa=\box88
\@tempa=\box89
\@tempa=\box90
\@tempa=\box91
\@tempa=\box92
\@tempa=\box93
\c@minrows=\count268
\c@columnbadness=\count269
\c@finalcolumnbadness=\count270
\last@try=\dimen155
\multicolovershoot=\dimen156
\multicolundershoot=\dimen157
\mult@nat@firstbox=\box94
\colbreak@box=\box95
\mc@col@check@num=\count271
) (/usr/local/texlive/2023/texmf-dist/tex/latex/graphics/graphicx.sty
Package: graphicx 2021/09/16 v1.2d Enhanced LaTeX Graphics (DPC,SPQR)
 (/usr/local/texlive/2023/texmf-dist/tex/latex/graphics/graphics.sty
Package: graphics 2022/03/10 v1.4e Standard LaTeX Graphics (DPC,SPQR)
 (/usr/local/texlive/2023/texmf-dist/tex/latex/graphics/trig.sty
Package: trig 2021/08/11 v1.11 sin cos tan (DPC)
) (/usr/local/texlive/2023/texmf-dist/tex/latex/graphics-cfg/graphics.cfg
File: graphics.cfg 2016/06/04 v1.11 sample graphics configuration
)
Package graphics Info: Driver file: pdftex.def on input line 107.
 (/usr/local/texlive/2023/texmf-dist/tex/latex/graphics-def/pdftex.def
File: pdftex.def 2022/09/22 v1.2b Graphics/color driver for pdftex
))
\Gin@req@height=\dimen158
\Gin@req@width=\dimen159
) (/usr/local/texlive/2023/texmf-dist/tex/latex/amsmath/amsmath.sty
Package: amsmath 2022/04/08 v2.17n AMS math features
\@mathmargin=\skip52

For additional information on amsmath, use the `?' option.
(/usr/local/texlive/2023/texmf-dist/tex/latex/amsmath/amstext.sty
Package: amstext 2021/08/26 v2.01 AMS text
 (/usr/local/texlive/2023/texmf-dist/tex/latex/amsmath/amsgen.sty
File: amsgen.sty 1999/11/30 v2.0 generic functions
\@emptytoks=\toks18
\ex@=\dimen160
)) (/usr/local/texlive/2023/texmf-dist/tex/latex/amsmath/amsbsy.sty
Package: amsbsy 1999/11/29 v1.2d Bold Symbols
\pmbraise@=\dimen161
) (/usr/local/texlive/2023/texmf-dist/tex/latex/amsmath/amsopn.sty
Package: amsopn 2022/04/08 v2.04 operator names
)
\inf@bad=\count272
LaTeX Info: Redefining \frac on input line 234.
\uproot@=\count273
\leftroot@=\count274
LaTeX Info: Redefining \overline on input line 399.
LaTeX Info: Redefining \colon on input line 410.
\classnum@=\count275
\DOTSCASE@=\count276
LaTeX Info: Redefining \ldots on input line 496.
LaTeX Info: Redefining \dots on input line 499.
LaTeX Info: Redefining \cdots on input line 620.
\Mathstrutbox@=\box96
\strutbox@=\box97
LaTeX Info: Redefining \big on input line 722.
LaTeX Info: Redefining \Big on input line 723.
LaTeX Info: Redefining \bigg on input line 724.
LaTeX Info: Redefining \Bigg on input line 725.
\big@size=\dimen162
LaTeX Font Info:    Redeclaring font encoding OML on input line 743.
LaTeX Font Info:    Redeclaring font encoding OMS on input line 744.
\macc@depth=\count277
LaTeX Info: Redefining \bmod on input line 905.
LaTeX Info: Redefining \pmod on input line 910.
LaTeX Info: Redefining \smash on input line 940.
LaTeX Info: Redefining \relbar on input line 970.
LaTeX Info: Redefining \Relbar on input line 971.
\c@MaxMatrixCols=\count278
\dotsspace@=\muskip16
\c@parentequation=\count279
\dspbrk@lvl=\count280
\tag@help=\toks19
\row@=\count281
\column@=\count282
\maxfields@=\count283
\andhelp@=\toks20
\eqnshift@=\dimen163
\alignsep@=\dimen164
\tagshift@=\dimen165
\tagwidth@=\dimen166
\totwidth@=\dimen167
\lineht@=\dimen168
\@envbody=\toks21
\multlinegap=\skip53
\multlinetaggap=\skip54
\mathdisplay@stack=\toks22
LaTeX Info: Redefining \[ on input line 2953.
LaTeX Info: Redefining \] on input line 2954.
) (/usr/local/texlive/2023/texmf-dist/tex/latex/amsfonts/amssymb.sty
Package: amssymb 2013/01/14 v3.01 AMS font symbols
 (/usr/local/texlive/2023/texmf-dist/tex/latex/amsfonts/amsfonts.sty
Package: amsfonts 2013/01/14 v3.01 Basic AMSFonts support
\symAMSa=\mathgroup4
\symAMSb=\mathgroup5
LaTeX Font Info:    Redeclaring math symbol \hbar on input line 98.
LaTeX Font Info:    Overwriting math alphabet `\mathfrak' in version `bold'
(Font)                  U/euf/m/n --> U/euf/b/n on input line 106.
)) (/usr/local/texlive/2023/texmf-dist/tex/latex/ccicons/ccicons.sty
Package: ccicons 2017/10/30 v1.6 LaTeX support for Creative Commons icons
 (/usr/local/texlive/2023/texmf-dist/tex/latex/xkeyval/xkeyval.sty
Package: xkeyval 2022/06/16 v2.9 package option processing (HA)
 (/usr/local/texlive/2023/texmf-dist/tex/generic/xkeyval/xkeyval.tex (/usr/local/texlive/2023/texmf-dist/tex/generic/xkeyval/xkvutils.tex
\XKV@toks=\toks23
\XKV@tempa@toks=\toks24
)
\XKV@depth=\count284
File: xkeyval.tex 2014/12/03 v2.7a key=value parser (HA)
))) (/usr/local/texlive/2023/texmf-dist/tex/latex/hyperref/hyperref.sty
Package: hyperref 2023-02-07 v7.00v Hypertext links for LaTeX
 (/usr/local/texlive/2023/texmf-dist/tex/generic/ltxcmds/ltxcmds.sty
Package: ltxcmds 2020-05-10 v1.25 LaTeX kernel commands for general use (HO)
) (/usr/local/texlive/2023/texmf-dist/tex/generic/pdftexcmds/pdftexcmds.sty
Package: pdftexcmds 2020-06-27 v0.33 Utility functions of pdfTeX for LuaTeX (HO)
 (/usr/local/texlive/2023/texmf-dist/tex/generic/infwarerr/infwarerr.sty
Package: infwarerr 2019/12/03 v1.5 Providing info/warning/error messages (HO)
)
Package pdftexcmds Info: \pdf@primitive is available.
Package pdftexcmds Info: \pdf@ifprimitive is available.
Package pdftexcmds Info: \pdfdraftmode found.
) (/usr/local/texlive/2023/texmf-dist/tex/latex/kvsetkeys/kvsetkeys.sty
Package: kvsetkeys 2022-10-05 v1.19 Key value parser (HO)
) (/usr/local/texlive/2023/texmf-dist/tex/generic/kvdefinekeys/kvdefinekeys.sty
Package: kvdefinekeys 2019-12-19 v1.6 Define keys (HO)
) (/usr/local/texlive/2023/texmf-dist/tex/generic/pdfescape/pdfescape.sty
Package: pdfescape 2019/12/09 v1.15 Implements pdfTeX's escape features (HO)
) (/usr/local/texlive/2023/texmf-dist/tex/latex/hycolor/hycolor.sty
Package: hycolor 2020-01-27 v1.10 Color options for hyperref/bookmark (HO)
) (/usr/local/texlive/2023/texmf-dist/tex/latex/letltxmacro/letltxmacro.sty
Package: letltxmacro 2019/12/03 v1.6 Let assignment for LaTeX macros (HO)
) (/usr/local/texlive/2023/texmf-dist/tex/latex/auxhook/auxhook.sty
Package: auxhook 2019-12-17 v1.6 Hooks for auxiliary files (HO)
) (/usr/local/texlive/2023/texmf-dist/tex/latex/hyperref/nameref.sty
Package: nameref 2022-05-17 v2.50 Cross-referencing by name of section
 (/usr/local/texlive/2023/texmf-dist/tex/latex/refcount/refcount.sty
Package: refcount 2019/12/15 v3.6 Data extraction from label references (HO)
) (/usr/local/texlive/2023/texmf-dist/tex/generic/gettitlestring/gettitlestring.sty
Package: gettitlestring 2019/12/15 v1.6 Cleanup title references (HO)
 (/usr/local/texlive/2023/texmf-dist/tex/latex/kvoptions/kvoptions.sty
Package: kvoptions 2022-06-15 v3.15 Key value format for package options (HO)
))
\c@section@level=\count285
)
\@linkdim=\dimen169
\Hy@linkcounter=\count286
\Hy@pagecounter=\count287
 (/usr/local/texlive/2023/texmf-dist/tex/latex/hyperref/pd1enc.def
File: pd1enc.def 2023-02-07 v7.00v Hyperref: PDFDocEncoding definition (HO)
Now handling font encoding PD1 ...
... no UTF-8 mapping file for font encoding PD1
) (/usr/local/texlive/2023/texmf-dist/tex/generic/intcalc/intcalc.sty
Package: intcalc 2019/12/15 v1.3 Expandable calculations with integers (HO)
) (/usr/local/texlive/2023/texmf-dist/tex/generic/etexcmds/etexcmds.sty
Package: etexcmds 2019/12/15 v1.7 Avoid name clashes with e-TeX commands (HO)
)
\Hy@SavedSpaceFactor=\count288
 (/usr/local/texlive/2023/texmf-dist/tex/latex/hyperref/puenc.def
File: puenc.def 2023-02-07 v7.00v Hyperref: PDF Unicode definition (HO)
Now handling font encoding PU ...
... no UTF-8 mapping file for font encoding PU
)
Package hyperref Info: Hyper figures OFF on input line 4177.
Package hyperref Info: Link nesting OFF on input line 4182.
Package hyperref Info: Hyper index ON on input line 4185.
Package hyperref Info: Plain pages OFF on input line 4192.
Package hyperref Info: Backreferencing OFF on input line 4197.
Package hyperref Info: Implicit mode ON; LaTeX internals redefined.
Package hyperref Info: Bookmarks ON on input line 4425.
\c@Hy@tempcnt=\count289
 (/usr/local/texlive/2023/texmf-dist/tex/latex/url/url.sty
\Urlmuskip=\muskip17
Package: url 2013/09/16  ver 3.4  Verb mode for urls, etc.
)
LaTeX Info: Redefining \url on input line 4763.
\XeTeXLinkMargin=\dimen170
 (/usr/local/texlive/2023/texmf-dist/tex/generic/bitset/bitset.sty
Package: bitset 2019/12/09 v1.3 Handle bit-vector datatype (HO)
 (/usr/local/texlive/2023/texmf-dist/tex/generic/bigintcalc/bigintcalc.sty
Package: bigintcalc 2019/12/15 v1.5 Expandable calculations on big integers (HO)
))
\Fld@menulength=\count290
\Field@Width=\dimen171
\Fld@charsize=\dimen172
Package hyperref Info: Hyper figures OFF on input line 6042.
Package hyperref Info: Link nesting OFF on input line 6047.
Package hyperref Info: Hyper index ON on input line 6050.
Package hyperref Info: backreferencing OFF on input line 6057.
Package hyperref Info: Link coloring OFF on input line 6062.
Package hyperref Info: Link coloring with OCG OFF on input line 6067.
Package hyperref Info: PDF/A mode OFF on input line 6072.
 (/usr/local/texlive/2023/texmf-dist/tex/latex/base/atbegshi-ltx.sty
Package: atbegshi-ltx 2021/01/10 v1.0c Emulation of the original atbegshi
package with kernel methods
)
\Hy@abspage=\count291
\c@Item=\count292
\c@Hfootnote=\count293
)
Package hyperref Info: Driver (autodetected): hpdftex.
 (/usr/local/texlive/2023/texmf-dist/tex/latex/hyperref/hpdftex.def
File: hpdftex.def 2023-02-07 v7.00v Hyperref driver for pdfTeX
 (/usr/local/texlive/2023/texmf-dist/tex/latex/base/atveryend-ltx.sty
Package: atveryend-ltx 2020/08/19 v1.0a Emulation of the original atveryend package
with kernel methods
)
\Fld@listcount=\count294
\c@bookmark@seq@number=\count295
 (/usr/local/texlive/2023/texmf-dist/tex/latex/rerunfilecheck/rerunfilecheck.sty
Package: rerunfilecheck 2022-07-10 v1.10 Rerun checks for auxiliary files (HO)
 (/usr/local/texlive/2023/texmf-dist/tex/generic/uniquecounter/uniquecounter.sty
Package: uniquecounter 2019/12/15 v1.4 Provide unlimited unique counter (HO)
)
Package uniquecounter Info: New unique counter `rerunfilecheck' on input line 285.
)
\Hy@SectionHShift=\skip55
) (/usr/local/texlive/2023/texmf-dist/tex/latex/enumitem/enumitem.sty
Package: enumitem 2019/06/20 v3.9 Customized lists
\labelindent=\skip56
\enit@outerparindent=\dimen173
\enit@toks=\toks25
\enit@inbox=\box98
\enit@count@id=\count296
\enitdp@description=\count297
) (/usr/local/texlive/2023/texmf-dist/tex/latex/xcolor/xcolor.sty
Package: xcolor 2022/06/12 v2.14 LaTeX color extensions (UK)
 (/usr/local/texlive/2023/texmf-dist/tex/latex/graphics-cfg/color.cfg
File: color.cfg 2016/01/02 v1.6 sample color configuration
)
Package xcolor Info: Driver file: pdftex.def on input line 227.
 (/usr/local/texlive/2023/texmf-dist/tex/latex/graphics/mathcolor.ltx)
Package xcolor Info: Model `cmy' substituted by `cmy0' on input line 1353.
Package xcolor Info: Model `hsb' substituted by `rgb' on input line 1357.
Package xcolor Info: Model `RGB' extended on input line 1369.
Package xcolor Info: Model `HTML' substituted by `rgb' on input line 1371.
Package xcolor Info: Model `Hsb' substituted by `hsb' on input line 1372.
Package xcolor Info: Model `tHsb' substituted by `hsb' on input line 1373.
Package xcolor Info: Model `HSB' substituted by `hsb' on input line 1374.
Package xcolor Info: Model `Gray' substituted by `gray' on input line 1375.
Package xcolor Info: Model `wave' substituted by `hsb' on input line 1376.
 (/usr/local/texlive/2023/texmf-dist/tex/latex/graphics/dvipsnam.def
File: dvipsnam.def 2016/06/17 v3.0m Driver-dependent file (DPC,SPQR)
)) (/usr/local/texlive/2023/texmf-dist/tex/latex/titlesec/titlesec.sty
Package: titlesec 2021/07/05 v2.14 Sectioning titles
\ttl@box=\box99
\beforetitleunit=\skip57
\aftertitleunit=\skip58
\ttl@plus=\dimen174
\ttl@minus=\dimen175
\ttl@toksa=\toks26
\titlewidth=\dimen176
\titlewidthlast=\dimen177
\titlewidthfirst=\dimen178
) (/usr/local/texlive/2023/texmf-dist/tex/latex/l3backend/l3backend-pdftex.def
File: l3backend-pdftex.def 2023-01-16 L3 backend support: PDF output (pdfTeX)
\l__color_backend_stack_int=\count298
\l__pdf_internal_box=\box100
) (./main.aux)
\openout1 = `main.aux'.

LaTeX Font Info:    Checking defaults for OML/cmm/m/it on input line 44.
LaTeX Font Info:    ... okay on input line 44.
LaTeX Font Info:    Checking defaults for OMS/cmsy/m/n on input line 44.
LaTeX Font Info:    ... okay on input line 44.
LaTeX Font Info:    Checking defaults for OT1/cmr/m/n on input line 44.
LaTeX Font Info:    ... okay on input line 44.
LaTeX Font Info:    Checking defaults for T1/cmr/m/n on input line 44.
LaTeX Font Info:    ... okay on input line 44.
LaTeX Font Info:    Checking defaults for TS1/cmr/m/n on input line 44.
LaTeX Font Info:    ... okay on input line 44.
LaTeX Font Info:    Checking defaults for OMX/cmex/m/n on input line 44.
LaTeX Font Info:    ... okay on input line 44.
LaTeX Font Info:    Checking defaults for U/cmr/m/n on input line 44.
LaTeX Font Info:    ... okay on input line 44.
LaTeX Font Info:    Checking defaults for PD1/pdf/m/n on input line 44.
LaTeX Font Info:    ... okay on input line 44.
LaTeX Font Info:    Checking defaults for PU/pdf/m/n on input line 44.
LaTeX Font Info:    ... okay on input line 44.

*geometry* driver: auto-detecting
*geometry* detected driver: pdftex
*geometry* verbose mode - [ preamble ] result:
* driver: pdftex
* paper: a4paper
* layout: <same size as paper>
* layoutoffset:(h,v)=(0.0pt,0.0pt)
* modes: landscape 
* h-part:(L,W,R)=(22.76228pt, 799.52228pt, 22.76228pt)
* v-part:(T,H,B)=(22.76228pt, 537.75693pt, 36.98866pt)
* \paperwidth=845.04684pt
* \paperheight=597.50787pt
* \textwidth=799.52228pt
* \textheight=537.75693pt
* \oddsidemargin=-49.5077pt
* \evensidemargin=-49.5077pt
* \topmargin=-86.5077pt
* \headheight=12.0pt
* \headsep=25.0pt
* \topskip=10.0pt
* \footskip=30.0pt
* \marginparwidth=144.0pt
* \marginparsep=11.0pt
* \columnsep=8.0pt
* \skip\footins=9.0pt plus 4.0pt minus 2.0pt
* \hoffset=0.0pt
* \voffset=0.0pt
* \mag=1000
* \@twocolumnfalse
* \@twosidefalse
* \@mparswitchfalse
* \@reversemarginfalse
* (1in=72.27pt=25.4mm, 1cm=28.453pt)

(/usr/local/texlive/2023/texmf-dist/tex/context/base/mkii/supp-pdf.mkii
[Loading MPS to PDF converter (version 2006.09.02).]
\scratchcounter=\count299
\scratchdimen=\dimen179
\scratchbox=\box101
\nofMPsegments=\count300
\nofMParguments=\count301
\everyMPshowfont=\toks27
\MPscratchCnt=\count302
\MPscratchDim=\dimen180
\MPnumerator=\count303
\makeMPintoPDFobject=\count304
\everyMPtoPDFconversion=\toks28
) (/usr/local/texlive/2023/texmf-dist/tex/latex/epstopdf-pkg/epstopdf-base.sty
Package: epstopdf-base 2020-01-24 v2.11 Base part for package epstopdf
Package epstopdf-base Info: Redefining graphics rule for `.eps' on input line 485.
 (/usr/local/texlive/2023/texmf-dist/tex/latex/latexconfig/epstopdf-sys.cfg
File: epstopdf-sys.cfg 2010/07/13 v1.3 Configuration of (r)epstopdf for TeX Live
))
Package hyperref Info: Link coloring OFF on input line 44.
 (./main.out) (./main.out)
\@outlinefile=\write3
\openout3 = `main.out'.

LaTeX Font Info:    Trying to load font information for U+msa on input line 50.
 (/usr/local/texlive/2023/texmf-dist/tex/latex/amsfonts/umsa.fd
File: umsa.fd 2013/01/14 v3.01 AMS symbols A
)
LaTeX Font Info:    Trying to load font information for U+msb on input line 50.
 (/usr/local/texlive/2023/texmf-dist/tex/latex/amsfonts/umsb.fd
File: umsb.fd 2013/01/14 v3.01 AMS symbols B
)

LaTeX Warning: No \author given.

(./chapters/introduction.tex
<assets//process.png, id=52, 774.895pt x 496.85625pt>
File: assets//process.png Graphic file (type png)
<use assets//process.png>
Package pdftex.def Info: assets//process.png  used on input line 20.
(pdftex.def)             Requested size: 261.17409pt x 167.46567pt.
) (./chapters/user_centered.tex
<assets//iterative_process.png, id=54, 827.09pt x 526.96875pt>
File: assets//iterative_process.png Graphic file (type png)
<use assets//iterative_process.png>
Package pdftex.def Info: assets//iterative_process.png  used on input line 9.
(pdftex.def)             Requested size: 261.17409pt x 166.40611pt.
<assets//design_thinking_process.png, id=55, 998.73125pt x 538.01pt>
File: assets//design_thinking_process.png Graphic file (type png)
<use assets//design_thinking_process.png>
Package pdftex.def Info: assets//design_thinking_process.png  used on input line 57.
(pdftex.def)             Requested size: 261.17409pt x 140.69202pt.
 [1

{/usr/local/texlive/2023/texmf-var/fonts/map/pdftex/updmap/pdftex.map}{/usr/local/texlive/2023/texmf-dist/fonts/enc/dvips/cm-super/cm-super-ts1.enc} <./assets//process.png> <./assets//iterative_process.png> <./assets//design_thinking_process.png>]
<assets//differences.png, id=71, 1074.0125pt x 452.69125pt>
File: assets//differences.png Graphic file (type png)
<use assets//differences.png>
Package pdftex.def Info: assets//differences.png  used on input line 130.
(pdftex.def)             Requested size: 261.17409pt x 110.07797pt.
<assets//define.png, id=72, 1034.86626pt x 461.725pt>
File: assets//define.png Graphic file (type png)
<use assets//define.png>
Package pdftex.def Info: assets//define.png  used on input line 139.
(pdftex.def)             Requested size: 261.17409pt x 116.523pt.
<assets//persona.png, id=73, 1004.75375pt x 597.23125pt>
File: assets//persona.png Graphic file (type png)
<use assets//persona.png>
Package pdftex.def Info: assets//persona.png  used on input line 162.
(pdftex.def)             Requested size: 261.17409pt x 155.24pt.
<assets//ideate.png, id=74, 1023.825pt x 455.7025pt>
File: assets//ideate.png Graphic file (type png)
<use assets//ideate.png>
Package pdftex.def Info: assets//ideate.png  used on input line 166.
(pdftex.def)             Requested size: 261.17409pt x 116.24779pt.
) (./chapters/prototyping.tex [2 <./assets//differences.png> <./assets//define.png> <./assets//persona.png> <./assets//ideate.png>]
<assets//fidelity_iteractivity.png, id=83, 804.00375pt x 522.95375pt>
File: assets//fidelity_iteractivity.png Graphic file (type png)
<use assets//fidelity_iteractivity.png>
Package pdftex.def Info: assets//fidelity_iteractivity.png  used on input line 15.
(pdftex.def)             Requested size: 261.17409pt x 169.87018pt.
<assets//prototype_test.png, id=84, 1035.87pt x 454.69875pt>
File: assets//prototype_test.png Graphic file (type png)
<use assets//prototype_test.png>
Package pdftex.def Info: assets//prototype_test.png  used on input line 41.
(pdftex.def)             Requested size: 261.17409pt x 114.64574pt.
) (./chapters/analytical_investigation.tex
<assets//test.png, id=85, 1063.975pt x 469.755pt>
File: assets//test.png Graphic file (type png)
<use assets//test.png>
Package pdftex.def Info: assets//test.png  used on input line 4.
(pdftex.def)             Requested size: 261.17409pt x 115.3096pt.
 [3 <./assets//fidelity_iteractivity.png> <./assets//prototype_test.png> <./assets//test.png>]
<assets//goms_example.png, id=95, 885.3075pt x 393.47pt>
File: assets//goms_example.png Graphic file (type png)
<use assets//goms_example.png>
Package pdftex.def Info: assets//goms_example.png  used on input line 120.
(pdftex.def)             Requested size: 261.17409pt x 116.07864pt.
<assets//klm_model.png, id=96, 806.01125pt x 429.605pt>
File: assets//klm_model.png Graphic file (type png)
<use assets//klm_model.png>
Package pdftex.def Info: assets//klm_model.png  used on input line 128.
(pdftex.def)             Requested size: 261.17409pt x 139.20699pt.
 [4 <./assets//goms_example.png> <./assets//klm_model.png>]) (./chapters/evaluation_experimentaldesign.tex
<assets//metrics.png, id=107, 619.31375pt x 412.54124pt>
File: assets//metrics.png Graphic file (type png)
<use assets//metrics.png>
Package pdftex.def Info: assets//metrics.png  used on input line 12.
(pdftex.def)             Requested size: 261.17409pt x 173.97746pt.
<assets//latin_square.png, id=108, 816.04875pt x 444.66125pt>
File: assets//latin_square.png Graphic file (type png)
<use assets//latin_square.png>
Package pdftex.def Info: assets//latin_square.png  used on input line 65.
(pdftex.def)             Requested size: 261.17409pt x 142.31485pt.
<assets//latin_example.png, id=109, 656.4525pt x 447.6725pt>
File: assets//latin_example.png Graphic file (type png)
<use assets//latin_example.png>
Package pdftex.def Info: assets//latin_example.png  used on input line 72.
(pdftex.def)             Requested size: 261.17409pt x 178.1095pt.
) (./chapters/statistical_analysis.tex
<assets//population_sample.png, id=110, 1004.75375pt x 530.98375pt>
File: assets//population_sample.png Graphic file (type png)
<use assets//population_sample.png>
Package pdftex.def Info: assets//population_sample.png  used on input line 16.
(pdftex.def)             Requested size: 261.17409pt x 138.0201pt.
 [5 <./assets//metrics.png> <./assets//latin_square.png> <./assets//latin_example.png>]
<assets//standard_deviation.png, id=122, 1020.81375pt x 447.6725pt>
File: assets//standard_deviation.png Graphic file (type png)
<use assets//standard_deviation.png>
Package pdftex.def Info: assets//standard_deviation.png  used on input line 46.
(pdftex.def)             Requested size: 261.17409pt x 114.53409pt.
<assets//p_value.png, id=123, 411.5375pt x 289.08pt>
File: assets//p_value.png Graphic file (type png)
<use assets//p_value.png>
Package pdftex.def Info: assets//p_value.png  used on input line 70.
(pdftex.def)             Requested size: 261.17409pt x 183.45789pt.
<assets//differences_mean.png, id=124, 767.86874pt x 473.77pt>
File: assets//differences_mean.png Graphic file (type png)
<use assets//differences_mean.png>
Package pdftex.def Info: assets//differences_mean.png  used on input line 81.
(pdftex.def)             Requested size: 261.17409pt x 161.14473pt.
 [6 <./assets//population_sample.png> <./assets//standard_deviation.png> <./assets//p_value.png> <./assets//differences_mean.png>]
<assets//reporting.png, id=137, 1047.915pt x 456.70625pt>
File: assets//reporting.png Graphic file (type png)
<use assets//reporting.png>
Package pdftex.def Info: assets//reporting.png  used on input line 171.
(pdftex.def)             Requested size: 261.17409pt x 113.82086pt.
) (./chapters/user_modeling.tex
<assets//information_processing.png, id=138, 1290.8225pt x 721.69624pt>
File: assets//information_processing.png Graphic file (type png)
<use assets//information_processing.png>
Package pdftex.def Info: assets//information_processing.png  used on input line 41.
(pdftex.def)             Requested size: 261.17409pt x 146.02155pt.
<assets//eye.png, id=139, 1288.815pt x 562.1pt>
File: assets//eye.png Graphic file (type png)
<use assets//eye.png>
Package pdftex.def Info: assets//eye.png  used on input line 67.
(pdftex.def)             Requested size: 261.17409pt x 113.91039pt.
 [7 <./assets//reporting.png> <./assets//information_processing.png> <./assets//eye.png>]
<assets//fitss_law.png, id=148, 1170.3725pt x 709.65125pt>
File: assets//fitss_law.png Graphic file (type png)
<use assets//fitss_law.png>
Package pdftex.def Info: assets//fitss_law.png  used on input line 156.
(pdftex.def)             Requested size: 261.17409pt x 158.36523pt.
 [8 <./assets//fitss_law.png>]
<assets//bandwidth.png, id=154, 1275.76625pt x 541.02126pt>
File: assets//bandwidth.png Graphic file (type png)
<use assets//bandwidth.png>
Package pdftex.def Info: assets//bandwidth.png  used on input line 185.
(pdftex.def)             Requested size: 261.17409pt x 110.75322pt.
<assets//visual_feedback_loop.png, id=155, 1279.78125pt x 627.34375pt>
File: assets//visual_feedback_loop.png Graphic file (type png)
<use assets//visual_feedback_loop.png>
Package pdftex.def Info: assets//visual_feedback_loop.png  used on input line 201.
(pdftex.def)             Requested size: 261.17409pt x 128.02237pt.
) (./chapters/visual_perception.tex
<assets//feature_integration_principle.png, id=156, 975.645pt x 176.66pt>
File: assets//feature_integration_principle.png Graphic file (type png)
<use assets//feature_integration_principle.png>
Package pdftex.def Info: assets//feature_integration_principle.png  used on input line 36.
(pdftex.def)             Requested size: 261.17409pt x 47.2891pt.
<assets//fit_2.png, id=157, 952.55875pt x 556.0775pt>
File: assets//fit_2.png Graphic file (type png)
<use assets//fit_2.png>
Package pdftex.def Info: assets//fit_2.png  used on input line 39.
(pdftex.def)             Requested size: 261.17409pt x 152.46783pt.
 [9 <./assets//bandwidth.png> <./assets//visual_feedback_loop.png> <./assets//feature_integration_principle.png> <./assets//fit_2.png>]
<assets//plt_experiment.png, id=167, 1287.81125pt x 549.05125pt>
File: assets//plt_experiment.png Graphic file (type png)
<use assets//plt_experiment.png>
Package pdftex.def Info: assets//plt_experiment.png  used on input line 58.
(pdftex.def)             Requested size: 261.17409pt x 111.34982pt.
<assets//models_of_perception.png, id=168, 1307.88625pt x 394.47375pt>
File: assets//models_of_perception.png Graphic file (type png)
<use assets//models_of_perception.png>
Package pdftex.def Info: assets//models_of_perception.png  used on input line 66.
(pdftex.def)             Requested size: 261.17409pt x 78.77296pt.
<assets//visual_saliency_example.png, id=169, 1296.845pt x 539.01375pt>
File: assets//visual_saliency_example.png Graphic file (type png)
<use assets//visual_saliency_example.png>
Package pdftex.def Info: assets//visual_saliency_example.png  used on input line 82.
(pdftex.def)             Requested size: 261.17409pt x 108.54927pt.
<assets//bounded_rationality.png, id=170, 1276.77pt x 433.62pt>
File: assets//bounded_rationality.png Graphic file (type png)
<use assets//bounded_rationality.png>
Package pdftex.def Info: assets//bounded_rationality.png  used on input line 113.
(pdftex.def)             Requested size: 261.17409pt x 88.70079pt.
) (./chapters/input.tex
<assets//fitts_law_2d.png, id=171, 1258.7025pt x 549.05125pt>
File: assets//fitts_law_2d.png Graphic file (type png)
<use assets//fitts_law_2d.png>
Package pdftex.def Info: assets//fitts_law_2d.png  used on input line 14.
(pdftex.def)             Requested size: 261.17409pt x 113.92181pt.
<assets//fitts_law_2d_2.png, id=172, 1176.395pt x 501.875pt>
File: assets//fitts_law_2d_2.png Graphic file (type png)
<use assets//fitts_law_2d_2.png>
Package pdftex.def Info: assets//fitts_law_2d_2.png  used on input line 18.
(pdftex.def)             Requested size: 261.17409pt x 111.42369pt.
 [10 <./assets//plt_experiment.png> <./assets//models_of_perception.png> <./assets//visual_saliency_example.png> <./assets//bounded_rationality.png>]
<assets//manipulation_operators.png, id=188, 591.20876pt x 287.0725pt>
File: assets//manipulation_operators.png Graphic file (type png)
<use assets//manipulation_operators.png>
Package pdftex.def Info: assets//manipulation_operators.png  used on input line 95.
(pdftex.def)             Requested size: 261.17409pt x 126.8204pt.
<assets//card_graphical_representation.png, id=189, 1313.90875pt x 590.205pt>
File: assets//card_graphical_representation.png Graphic file (type png)
<use assets//card_graphical_representation.png>
Package pdftex.def Info: assets//card_graphical_representation.png  used on input line 110.
(pdftex.def)             Requested size: 261.17409pt x 117.31844pt.
<assets//touch_experiment.png, id=190, 1269.74374pt x 453.695pt>
File: assets//touch_experiment.png Graphic file (type png)
<use assets//touch_experiment.png>
Package pdftex.def Info: assets//touch_experiment.png  used on input line 121.
(pdftex.def)             Requested size: 261.17409pt x 93.3196pt.
<assets//button_size.png, id=191, 1265.72874pt x 563.10374pt>
File: assets//button_size.png Graphic file (type png)
<use assets//button_size.png>
Package pdftex.def Info: assets//button_size.png  used on input line 129.
(pdftex.def)             Requested size: 261.17409pt x 116.18454pt.
<assets//representing_input.png, id=192, 1293.83376pt x 570.13pt>
File: assets//representing_input.png Graphic file (type png)
<use assets//representing_input.png>
Package pdftex.def Info: assets//representing_input.png  used on input line 136.
(pdftex.def)             Requested size: 261.17409pt x 115.08531pt.
 [11 <./assets//fitts_law_2d.png> <./assets//fitts_law_2d_2.png> <./assets//manipulation_operators.png> <./assets//card_graphical_representation.png> <./assets//touch_experiment.png> <./assets//button_size.png>]
<assets//sequence_decoding.png, id=203, 1241.63875pt x 497.86pt>
File: assets//sequence_decoding.png Graphic file (type png)
<use assets//sequence_decoding.png>
Package pdftex.def Info: assets//sequence_decoding.png  used on input line 142.
(pdftex.def)             Requested size: 261.17409pt x 104.72081pt.
<assets//simple_sequence_decoding.png, id=204, 1068.99374pt x 437.635pt>
File: assets//simple_sequence_decoding.png Graphic file (type png)
<use assets//simple_sequence_decoding.png>
Package pdftex.def Info: assets//simple_sequence_decoding.png  used on input line 159.
(pdftex.def)             Requested size: 261.17409pt x 106.91766pt.
<assets//substitution_only_decoder.png, id=205, 1296.845pt x 544.0325pt>
File: assets//substitution_only_decoder.png Graphic file (type png)
<use assets//substitution_only_decoder.png>
Package pdftex.def Info: assets//substitution_only_decoder.png  used on input line 166.
(pdftex.def)             Requested size: 261.17409pt x 109.55998pt.
<assets//beam_pruning.png, id=206, 1183.42125pt x 555.07375pt>
File: assets//beam_pruning.png Graphic file (type png)
<use assets//beam_pruning.png>
Package pdftex.def Info: assets//beam_pruning.png  used on input line 183.
(pdftex.def)             Requested size: 261.17409pt x 122.49773pt.
<assets//trigram_model.png, id=207, 1266.7325pt x 594.22pt>
File: assets//trigram_model.png Graphic file (type png)
<use assets//trigram_model.png>
Package pdftex.def Info: assets//trigram_model.png  used on input line 197.
(pdftex.def)             Requested size: 261.17409pt x 122.51405pt.
<assets//trigram_model_example.png, id=208, 1163.34625pt x 557.08125pt>
File: assets//trigram_model_example.png Graphic file (type png)
<use assets//trigram_model_example.png>
Package pdftex.def Info: assets//trigram_model_example.png  used on input line 203.
(pdftex.def)             Requested size: 261.17409pt x 125.06586pt.
<assets//bivariate_gaussian_keyboard.png, id=209, 1246.6575pt x 622.325pt>
File: assets//bivariate_gaussian_keyboard.png Graphic file (type png)
<use assets//bivariate_gaussian_keyboard.png>
Package pdftex.def Info: assets//bivariate_gaussian_keyboard.png  used on input line 216.
(pdftex.def)             Requested size: 261.17409pt x 130.37874pt.
) (./chapters/computational_design.tex [12 <./assets//representing_input.png> <./assets//sequence_decoding.png> <./assets//simple_sequence_decoding.png> <./assets//substitution_only_decoder.png> <./assets//beam_pruning.png> <./assets//trigram_model.png> <./assets//trigram_model_example.png> <./assets//bivariate_gaussian_keyboard.png>]
Underfull \hbox (badness 7944) in paragraph at lines 44--45
[]\OT1/cmr/m/n/10 Way to solve prob-lem
 []

<assets//quadratic_assignment.png, id=222, 778.91pt x 291.0875pt>
File: assets//quadratic_assignment.png Graphic file (type png)
<use assets//quadratic_assignment.png>
Package pdftex.def Info: assets//quadratic_assignment.png  used on input line 135.
(pdftex.def)             Requested size: 261.17409pt x 97.6004pt.
<assets//letter_example.png, id=223, 1030.85126pt x 501.875pt>
File: assets//letter_example.png Graphic file (type png)
<use assets//letter_example.png>
Package pdftex.def Info: assets//letter_example.png  used on input line 148.
(pdftex.def)             Requested size: 261.17409pt x 127.15318pt.
[13 <./assets//quadratic_assignment.png> <./assets//letter_example.png>]
<assets//multi_objective.png, id=232, 994.71625pt x 396.48125pt>
File: assets//multi_objective.png Graphic file (type png)
<use assets//multi_objective.png>
Package pdftex.def Info: assets//multi_objective.png  used on input line 171.
(pdftex.def)             Requested size: 261.17409pt x 104.09906pt.
<assets//element_device_compability.png, id=233, 932.48375pt x 440.64626pt>
File: assets//element_device_compability.png Graphic file (type png)
<use assets//element_device_compability.png>
Package pdftex.def Info: assets//element_device_compability.png  used on input line 181.
(pdftex.def)             Requested size: 261.17409pt x 123.41373pt.
<assets//user_roles.png, id=234, 1060.96375pt x 342.27875pt>
File: assets//user_roles.png Graphic file (type png)
<use assets//user_roles.png>
Package pdftex.def Info: assets//user_roles.png  used on input line 187.
(pdftex.def)             Requested size: 261.17409pt x 84.25856pt.
<assets//optimize_for_cognitive_load.png, id=235, 1022.82124pt x 573.14125pt>
File: assets//optimize_for_cognitive_load.png Graphic file (type png)
<use assets//optimize_for_cognitive_load.png>
Package pdftex.def Info: assets//optimize_for_cognitive_load.png  used on input line 193.
(pdftex.def)             Requested size: 261.17409pt x 146.34586pt.
<assets//environment_formula.png, id=236, 813.0375pt x 124.465pt>
File: assets//environment_formula.png Graphic file (type png)
<use assets//environment_formula.png>
Package pdftex.def Info: assets//environment_formula.png  used on input line 209.
(pdftex.def)             Requested size: 261.17409pt x 39.98154pt.
<assets//temporal_consistency.png, id=237, 978.65625pt x 367.3725pt>
File: assets//temporal_consistency.png Graphic file (type png)
<use assets//temporal_consistency.png>
Package pdftex.def Info: assets//temporal_consistency.png  used on input line 213.
(pdftex.def)             Requested size: 261.17409pt x 98.04272pt.
<assets//interaction_modality.png, id=238, 1035.87pt x 423.5825pt>
File: assets//interaction_modality.png Graphic file (type png)
<use assets//interaction_modality.png>
Package pdftex.def Info: assets//interaction_modality.png  used on input line 218.
(pdftex.def)             Requested size: 261.17409pt x 106.80023pt.
) (./chapters/haptics.tex [14 <./assets//multi_objective.png> <./assets//element_device_compability.png> <./assets//user_roles.png> <./assets//optimize_for_cognitive_load.png> <./assets//environment_formula.png> <./assets//temporal_consistency.png> <./assets//interaction_modality.png>]
<assets//control.png, id=250, 991.705pt x 397.485pt>
File: assets//control.png Graphic file (type png)
<use assets//control.png>
Package pdftex.def Info: assets//control.png  used on input line 116.
(pdftex.def)             Requested size: 261.17409pt x 104.67798pt.
<assets//desired_loop.png, id=251, 977.6525pt x 517.935pt>
File: assets//desired_loop.png Graphic file (type png)
<use assets//desired_loop.png>
Package pdftex.def Info: assets//desired_loop.png  used on input line 120.
(pdftex.def)             Requested size: 261.17409pt x 138.36644pt.
<assets//example_closeloop.png, id=252, 732.7375pt x 456.70625pt>
File: assets//example_closeloop.png Graphic file (type png)
<use assets//example_closeloop.png>
Package pdftex.def Info: assets//example_closeloop.png  used on input line 127.
(pdftex.def)             Requested size: 261.17409pt x 162.78342pt.
) (./chapters/computational_rationality.tex
<assets//policy_estimation_view.png, id=253, 1110.1475pt x 620.3175pt>
File: assets//policy_estimation_view.png Graphic file (type png)
<use assets//policy_estimation_view.png>
Package pdftex.def Info: assets//policy_estimation_view.png  used on input line 42.
(pdftex.def)             Requested size: 261.17409pt x 145.93553pt.
 [15 <./assets//control.png> <./assets//desired_loop.png> <./assets//example_closeloop.png>]
<assets//book_flights.png, id=264, 626.34pt x 238.8925pt>
File: assets//book_flights.png Graphic file (type png)
<use assets//book_flights.png>
Package pdftex.def Info: assets//book_flights.png  used on input line 53.
(pdftex.def)             Requested size: 261.17409pt x 99.61606pt.
<assets//interaction_sequential.png, id=265, 620.3175pt x 260.975pt>
File: assets//interaction_sequential.png Graphic file (type png)
<use assets//interaction_sequential.png>
Package pdftex.def Info: assets//interaction_sequential.png  used on input line 57.
(pdftex.def)             Requested size: 261.17409pt x 109.87953pt.
<assets//reinforcement_learning.png, id=266, 607.26875pt x 183.68625pt>
File: assets//reinforcement_learning.png Graphic file (type png)
<use assets//reinforcement_learning.png>
Package pdftex.def Info: assets//reinforcement_learning.png  used on input line 66.
(pdftex.def)             Requested size: 261.17409pt x 79.00035pt.
<assets//example_RL.png, id=267, 909.3975pt x 226.8475pt>
File: assets//example_RL.png Graphic file (type png)
<use assets//example_RL.png>
Package pdftex.def Info: assets//example_RL.png  used on input line 71.
(pdftex.def)             Requested size: 261.17409pt x 65.15065pt.
<assets//HCI.png, id=268, 618.31pt x 527.9725pt>
File: assets//HCI.png Graphic file (type png)
<use assets//HCI.png>
Package pdftex.def Info: assets//HCI.png  used on input line 81.
(pdftex.def)             Requested size: 117.52754pt x 100.3561pt.
<assets//machine_learning.png, id=269, 531.9875pt x 478.78876pt>
File: assets//machine_learning.png Graphic file (type png)
<use assets//machine_learning.png>
Package pdftex.def Info: assets//machine_learning.png  used on input line 83.
(pdftex.def)             Requested size: 117.52754pt x 105.77219pt.
<assets//comparison_RL.png, id=270, 1019.81pt x 450.68375pt>
File: assets//comparison_RL.png Graphic file (type png)
<use assets//comparison_RL.png>
Package pdftex.def Info: assets//comparison_RL.png  used on input line 131.
(pdftex.def)             Requested size: 261.17409pt x 115.4214pt.
<assets//bounded_optimality.png, id=271, 1012.78375pt x 585.18625pt>
File: assets//bounded_optimality.png Graphic file (type png)
<use assets//bounded_optimality.png>
Package pdftex.def Info: assets//bounded_optimality.png  used on input line 147.
(pdftex.def)             Requested size: 261.17409pt x 150.90367pt.
<assets//ml_and_bounds.png, id=272, 1086.0575pt x 599.23875pt>
File: assets//ml_and_bounds.png Graphic file (type png)
<use assets//ml_and_bounds.png>
Package pdftex.def Info: assets//ml_and_bounds.png  used on input line 152.
(pdftex.def)             Requested size: 261.17409pt x 144.10368pt.
 [16 <./assets//policy_estimation_view.png> <./assets//book_flights.png> <./assets//interaction_sequential.png> <./assets//reinforcement_learning.png> <./assets//example_RL.png> <./assets//HCI.png> <./assets//machine_learning.png> <./assets//comparison_RL.png>]
<assets//cognitive_architecture.png, id=286, 1001.7425pt x 434.62375pt>
File: assets//cognitive_architecture.png Graphic file (type png)
<use assets//cognitive_architecture.png>
Package pdftex.def Info: assets//cognitive_architecture.png  used on input line 159.
(pdftex.def)             Requested size: 261.17409pt x 113.3112pt.
<assets//Cognition_learns_example.png, id=287, 937.5025pt x 383.4325pt>
File: assets//Cognition_learns_example.png Graphic file (type png)
<use assets//Cognition_learns_example.png>
Package pdftex.def Info: assets//Cognition_learns_example.png  used on input line 219.
(pdftex.def)             Requested size: 261.17409pt x 106.81625pt.
<assets//perception.png, id=288, 1065.9825pt x 417.56pt>
File: assets//perception.png Graphic file (type png)
<use assets//perception.png>
Package pdftex.def Info: assets//perception.png  used on input line 248.
(pdftex.def)             Requested size: 261.17409pt x 102.30627pt.
<assets//Gaze_based_interaction.png, id=289, 1124.2pt x 346.29375pt>
File: assets//Gaze_based_interaction.png Graphic file (type png)
<use assets//Gaze_based_interaction.png>
Package pdftex.def Info: assets//Gaze_based_interaction.png  used on input line 269.
(pdftex.def)             Requested size: 261.17409pt x 80.44905pt.
 [17 <./assets//bounded_optimality.png> <./assets//ml_and_bounds.png> <./assets//cognitive_architecture.png> <./assets//Cognition_learns_example.png> <./assets//perception.png>]
<assets//comparison_cognitive_architectures.png, id=299, 792.9625pt x 191.71625pt>
File: assets//comparison_cognitive_architectures.png Graphic file (type png)
<use assets//comparison_cognitive_architectures.png>
Package pdftex.def Info: assets//comparison_cognitive_architectures.png  used on input line 278.
(pdftex.def)             Requested size: 261.17409pt x 63.14368pt.
) [18 <./assets//Gaze_based_interaction.png> <./assets//comparison_cognitive_architectures.png>] (./main.aux)
Package rerunfilecheck Info: File `main.out' has not changed.
(rerunfilecheck)             Checksum: 689524A8A1BE742783380A2703CC3256;1597.
 ) 
Here is how much of TeX's memory you used:
 12223 strings out of 476025
 198845 string characters out of 5790017
 1876388 words of memory out of 5000000
 32359 multiletter control sequences out of 15000+600000
 520845 words of font info for 65 fonts, out of 8000000 for 9000
 1141 hyphenation exceptions out of 8191
 75i,10n,76p,471b,792s stack positions out of 10000i,1000n,20000p,200000b,200000s
</usr/local/texlive/2023/texmf-dist/fonts/type1/public/amsfonts/cm/cmbx10.pfb></usr/local/texlive/2023/texmf-dist/fonts/type1/public/amsfonts/cm/cmbx12.pfb></usr/local/texlive/2023/texmf-dist/fonts/type1/public/amsfonts/cm/cmex10.pfb></usr/local/texlive/2023/texmf-dist/fonts/type1/public/amsfonts/cm/cmmi10.pfb></usr/local/texlive/2023/texmf-dist/fonts/type1/public/amsfonts/cm/cmmi7.pfb></usr/local/texlive/2023/texmf-dist/fonts/type1/public/amsfonts/cm/cmr10.pfb></usr/local/texlive/2023/texmf-dist/fonts/type1/public/amsfonts/cm/cmr12.pfb></usr/local/texlive/2023/texmf-dist/fonts/type1/public/amsfonts/cm/cmr17.pfb></usr/local/texlive/2023/texmf-dist/fonts/type1/public/amsfonts/cm/cmr7.pfb></usr/local/texlive/2023/texmf-dist/fonts/type1/public/amsfonts/cm/cmsy10.pfb></usr/local/texlive/2023/texmf-dist/fonts/type1/public/amsfonts/cm/cmsy7.pfb></usr/local/texlive/2023/texmf-dist/fonts/type1/public/amsfonts/cm/cmti10.pfb></usr/local/texlive/2023/texmf-dist/fonts/type1/public/amsfonts/symbols/msbm10.pfb></usr/local/texlive/2023/texmf-dist/fonts/type1/public/cm-super/sfrm1000.pfb>
Output written on main.pdf (18 pages, 26137803 bytes).
PDF statistics:
 380 PDF objects out of 1000 (max. 8388607)
 186 compressed objects within 2 object streams
 50 named destinations out of 1000 (max. 500000)
 457 words of extra memory for PDF output out of 10000 (max. 10000000)

